#
# There is insufficient memory for the Java Runtime Environment to continue.
# Native memory allocation (mmap) failed to map 90701824 bytes for committing reserved memory.
# Possible reasons:
#   The system is out of physical RAM or swap space
#   In 32 bit mode, the process size limit was hit
# Possible solutions:
#   Reduce memory load on the system
#   Increase physical memory or swap space
#   Check if swap backing store is full
#   Use 64 bit Java on a 64 bit OS
#   Decrease Java heap size (-Xmx/-Xms)
#   Decrease number of Java threads
#   Decrease Java thread stack sizes (-Xss)
#   Set larger code cache with -XX:ReservedCodeCacheSize=
# This output file may be truncated or incomplete.
#
#  Out of Memory Error (os_linux.cpp:2640), pid=32689, tid=0x00007f47a4945700
#
# JRE version: Java(TM) SE Runtime Environment (8.0_131-b11) (build 1.8.0_131-b11)
# Java VM: Java HotSpot(TM) 64-Bit Server VM (25.131-b11 mixed mode linux-amd64 compressed oops)
# Failed to write core dump. Core dumps have been disabled. To enable core dumping, try "ulimit -c unlimited" before starting Java again
#

---------------  T H R E A D  ---------------

Current thread (0x00007f47bc096000):  VMThread [stack: 0x00007f47a4845000,0x00007f47a4946000] [id=32699]

Stack: [0x00007f47a4845000,0x00007f47a4946000],  sp=0x00007f47a4944120,  free space=1020k
Native frames: (J=compiled Java code, j=interpreted, Vv=VM code, C=native code)
V  [libjvm.so+0xac826a]  VMError::report_and_die()+0x2ba
V  [libjvm.so+0x4fd4cb]  report_vm_out_of_memory(char const*, int, unsigned long, VMErrorType, char const*)+0x8b
V  [libjvm.so+0x924f53]  os::Linux::commit_memory_impl(char*, unsigned long, bool)+0x103
V  [libjvm.so+0x9254a9]  os::pd_commit_memory(char*, unsigned long, unsigned long, bool)+0x29
V  [libjvm.so+0x91f6ca]  os::commit_memory(char*, unsigned long, unsigned long, bool)+0x2a
V  [libjvm.so+0x9941e3]  PSVirtualSpace::expand_by(unsigned long)+0x53
V  [libjvm.so+0x984aa0]  PSOldGen::expand(unsigned long)+0x170
V  [libjvm.so+0x984cab]  PSOldGen::resize(unsigned long)+0x1cb
V  [libjvm.so+0x98c9b1]  PSParallelCompact::invoke_no_policy(bool)+0x991
V  [libjvm.so+0x99230d]  PSScavenge::invoke()+0x1ad
V  [libjvm.so+0x948f00]  ParallelScavengeHeap::failed_mem_allocate(unsigned long)+0x70
V  [libjvm.so+0xac9c87]  VM_ParallelGCFailedAllocation::doit()+0x97
V  [libjvm.so+0xad1765]  VM_Operation::evaluate()+0x55
V  [libjvm.so+0xacfb3a]  VMThread::evaluate_operation(VM_Operation*)+0xba
V  [libjvm.so+0xacfebe]  VMThread::loop()+0x1ce
V  [libjvm.so+0xad0330]  VMThread::run()+0x70
V  [libjvm.so+0x927568]  java_start(Thread*)+0x108

VM_Operation (0x00007f47c392d410): ParallelGCFailedAllocation, mode: safepoint, requested by thread 0x00007f47bc00a800


---------------  P R O C E S S  ---------------

Java Threads: ( => current thread )
  0x00007f47bc1d8000 JavaThread "Java2D Disposer" daemon [_thread_blocked, id=32708, stack(0x00007f477e539000,0x00007f477e63a000)]
  0x00007f47bc0e7000 JavaThread "Service Thread" daemon [_thread_blocked, id=32706, stack(0x00007f477fdfe000,0x00007f477feff000)]
  0x00007f47bc0dc000 JavaThread "C1 CompilerThread2" daemon [_thread_blocked, id=32705, stack(0x00007f477feff000,0x00007f4780000000)]
  0x00007f47bc0da000 JavaThread "C2 CompilerThread1" daemon [_thread_blocked, id=32704, stack(0x00007f47a4067000,0x00007f47a4168000)]
  0x00007f47bc0d7000 JavaThread "C2 CompilerThread0" daemon [_thread_blocked, id=32703, stack(0x00007f47a4168000,0x00007f47a4269000)]
  0x00007f47bc0d6000 JavaThread "Signal Dispatcher" daemon [_thread_blocked, id=32702, stack(0x00007f47a4269000,0x00007f47a436a000)]
  0x00007f47bc0a2800 JavaThread "Finalizer" daemon [_thread_blocked, id=32701, stack(0x00007f47a4643000,0x00007f47a4744000)]
  0x00007f47bc09e000 JavaThread "Reference Handler" daemon [_thread_blocked, id=32700, stack(0x00007f47a4744000,0x00007f47a4845000)]
  0x00007f47bc00a800 JavaThread "main" [_thread_blocked, id=32692, stack(0x00007f47c382e000,0x00007f47c392f000)]

Other Threads:
=>0x00007f47bc096000 VMThread [stack: 0x00007f47a4845000,0x00007f47a4946000] [id=32699]
  0x00007f47bc0ea000 WatcherThread [stack: 0x00007f477fcfd000,0x00007f477fdfe000] [id=32707]

VM state:at safepoint (normal execution)

VM Mutex/Monitor currently owned by a thread:  ([mutex/lock_event])
[0x00007f47bc005e20] ExpandHeap_lock - owner thread: 0x00007f47bc096000
[0x00007f47bc0064a0] Threads_lock - owner thread: 0x00007f47bc096000
[0x00007f47bc0069a0] Heap_lock - owner thread: 0x00007f47bc00a800

Heap:
 PSYoungGen      total 195072K, used 9712K [0x00000000ebb80000, 0x00000000fe800000, 0x0000000100000000)
  eden space 114688K, 0% used [0x00000000ebb80000,0x00000000ebb80000,0x00000000f2b80000)
  from space 80384K, 12% used [0x00000000f8280000,0x00000000f8bfc1b0,0x00000000fd100000)
  to   space 89088K, 0% used [0x00000000f2b80000,0x00000000f2b80000,0x00000000f8280000)
 ParOldGen       total 192000K, used 191973K [0x00000000c3200000, 0x00000000ced80000, 0x00000000ebb80000)
  object space 192000K, 99% used [0x00000000c3200000,0x00000000ced79740,0x00000000ced80000)
 Metaspace       used 6604K, capacity 6786K, committed 7040K, reserved 1056768K
  class space    used 799K, capacity 857K, committed 896K, reserved 1048576K

Card table byte_map: [0x00007f47ac83d000,0x00007f47aca25000] byte_map_base: 0x00007f47ac224000

Marking Bits: (ParMarkBitMap*) 0x00007f47c2d16f60
 Begin Bits: [0x00007f47a6190000, 0x00007f47a70c8000)
 End Bits:   [0x00007f47a70c8000, 0x00007f47a8000000)

Polling page: 0x00007f47c3967000

CodeCache: size=245760Kb used=2050Kb max_used=2065Kb free=243709Kb
 bounds [0x00007f47acde5000, 0x00007f47ad055000, 0x00007f47bbde5000]
 total_blobs=756 nmethods=450 adapters=220
 compilation: enabled

Compilation events (10 events):
Event: 1,025 Thread 0x00007f47bc0dc000  446       3       pxparpx.part8_4$::select (102 bytes)
Event: 1,025 Thread 0x00007f47bc0dc000 nmethod 446 0x00007f47acfd2fd0 code [0x00007f47acfd3180, 0x00007f47acfd35e8]
Event: 1,025 Thread 0x00007f47bc0dc000  447       3       pxparpx.part8_4$$anonfun$histoC$1$$anonfun$apply$mcVI$sp$1::apply$mcVI$sp (194 bytes)
Event: 1,026 Thread 0x00007f47bc0dc000 nmethod 447 0x00007f47acfe1a10 code [0x00007f47acfe1d40, 0x00007f47acfe39e8]
Event: 1,027 Thread 0x00007f47bc0dc000  448       3       pxparpx.part8_6$$anonfun$extract$1$$anonfun$apply$mcVI$sp$1::apply$mcVI$sp (178 bytes)
Event: 1,028 Thread 0x00007f47bc0dc000 nmethod 448 0x00007f47acfe4a50 code [0x00007f47acfe4d60, 0x00007f47acfe6928]
Event: 1,028 Thread 0x00007f47bc0da000  449       4       pxparpx.part8_4$::select (102 bytes)
Event: 1,028 Thread 0x00007f47bc0d7000  450       4       pxparpx.part8_6$$anonfun$extract$1$$anonfun$apply$mcVI$sp$1::apply$mcVI$sp (178 bytes)
Event: 1,030 Thread 0x00007f47bc0da000 nmethod 449 0x00007f47acfcce90 code [0x00007f47acfccfe0, 0x00007f47acfcd318]
Event: 1,040 Thread 0x00007f47bc0d7000 nmethod 450 0x00007f47acfeb890 code [0x00007f47acfebaa0, 0x00007f47acfec918]

GC Heap History (10 events):
Event: 0,750 GC heap after
Heap after GC invocations=11 (full 2):
 PSYoungGen      total 121856K, used 57856K [0x00000000ebb80000, 0x00000000fb580000, 0x0000000100000000)
  eden space 64000K, 0% used [0x00000000ebb80000,0x00000000ebb80000,0x00000000efa00000)
  from space 57856K, 100% used [0x00000000efa00000,0x00000000f3280000,0x00000000f3280000)
  to   space 83456K, 0% used [0x00000000f6400000,0x00000000f6400000,0x00000000fb580000)
 ParOldGen       total 130560K, used 130093K [0x00000000c3200000, 0x00000000cb180000, 0x00000000ebb80000)
  object space 130560K, 99% used [0x00000000c3200000,0x00000000cb10b5b8,0x00000000cb180000)
 Metaspace       used 6602K, capacity 6786K, committed 7040K, reserved 1056768K
  class space    used 799K, capacity 857K, committed 896K, reserved 1048576K
}
Event: 0,750 GC heap before
{Heap before GC invocations=12 (full 3):
 PSYoungGen      total 121856K, used 57856K [0x00000000ebb80000, 0x00000000fb580000, 0x0000000100000000)
  eden space 64000K, 0% used [0x00000000ebb80000,0x00000000ebb80000,0x00000000efa00000)
  from space 57856K, 100% used [0x00000000efa00000,0x00000000f3280000,0x00000000f3280000)
  to   space 83456K, 0% used [0x00000000f6400000,0x00000000f6400000,0x00000000fb580000)
 ParOldGen       total 130560K, used 130093K [0x00000000c3200000, 0x00000000cb180000, 0x00000000ebb80000)
  object space 130560K, 99% used [0x00000000c3200000,0x00000000cb10b5b8,0x00000000cb180000)
 Metaspace       used 6602K, capacity 6786K, committed 7040K, reserved 1056768K
  class space    used 799K, capacity 857K, committed 896K, reserved 1048576K
Event: 0,779 GC heap after
Heap after GC invocations=12 (full 3):
 PSYoungGen      total 121856K, used 0K [0x00000000ebb80000, 0x00000000fb580000, 0x0000000100000000)
  eden space 64000K, 0% used [0x00000000ebb80000,0x00000000ebb80000,0x00000000efa00000)
  from space 57856K, 0% used [0x00000000efa00000,0x00000000efa00000,0x00000000f3280000)
  to   space 83456K, 0% used [0x00000000f6400000,0x00000000f6400000,0x00000000fb580000)
 ParOldGen       total 187904K, used 116671K [0x00000000c3200000, 0x00000000ce980000, 0x00000000ebb80000)
  object space 187904K, 62% used [0x00000000c3200000,0x00000000ca3efd40,0x00000000ce980000)
 Metaspace       used 6602K, capacity 6786K, committed 7040K, reserved 1056768K
  class space    used 799K, capacity 857K, committed 896K, reserved 1048576K
}
Event: 0,850 GC heap before
{Heap before GC invocations=13 (full 3):
 PSYoungGen      total 121856K, used 64000K [0x00000000ebb80000, 0x00000000fb580000, 0x0000000100000000)
  eden space 64000K, 100% used [0x00000000ebb80000,0x00000000efa00000,0x00000000efa00000)
  from space 57856K, 0% used [0x00000000efa00000,0x00000000efa00000,0x00000000f3280000)
  to   space 83456K, 0% used [0x00000000f6400000,0x00000000f6400000,0x00000000fb580000)
 ParOldGen       total 187904K, used 116671K [0x00000000c3200000, 0x00000000ce980000, 0x00000000ebb80000)
  object space 187904K, 62% used [0x00000000c3200000,0x00000000ca3efd40,0x00000000ce980000)
 Metaspace       used 6604K, capacity 6786K, committed 7040K, reserved 1056768K
  class space    used 799K, capacity 857K, committed 896K, reserved 1048576K
Event: 0,867 GC heap after
Heap after GC invocations=13 (full 3):
 PSYoungGen      total 168448K, used 40576K [0x00000000ebb80000, 0x00000000fb180000, 0x0000000100000000)
  eden space 89088K, 0% used [0x00000000ebb80000,0x00000000ebb80000,0x00000000f1280000)
  from space 79360K, 51% used [0x00000000f6400000,0x00000000f8ba0000,0x00000000fb180000)
  to   space 81408K, 0% used [0x00000000f1280000,0x00000000f1280000,0x00000000f6200000)
 ParOldGen       total 187904K, used 116671K [0x00000000c3200000, 0x00000000ce980000, 0x00000000ebb80000)
  object space 187904K, 62% used [0x00000000c3200000,0x00000000ca3efd40,0x00000000ce980000)
 Metaspace       used 6604K, capacity 6786K, committed 7040K, reserved 1056768K
  class space    used 799K, capacity 857K, committed 896K, reserved 1048576K
}
Event: 0,993 GC heap before
{Heap before GC invocations=14 (full 3):
 PSYoungGen      total 168448K, used 129664K [0x00000000ebb80000, 0x00000000fb180000, 0x0000000100000000)
  eden space 89088K, 100% used [0x00000000ebb80000,0x00000000f1280000,0x00000000f1280000)
  from space 79360K, 51% used [0x00000000f6400000,0x00000000f8ba0000,0x00000000fb180000)
  to   space 81408K, 0% used [0x00000000f1280000,0x00000000f1280000,0x00000000f6200000)
 ParOldGen       total 187904K, used 116671K [0x00000000c3200000, 0x00000000ce980000, 0x00000000ebb80000)
  object space 187904K, 62% used [0x00000000c3200000,0x00000000ca3efd40,0x00000000ce980000)
 Metaspace       used 6604K, capacity 6786K, committed 7040K, reserved 1056768K
  class space    used 799K, capacity 857K, committed 896K, reserved 1048576K
Event: 1,017 GC heap after
Heap after GC invocations=14 (full 3):
 PSYoungGen      total 170496K, used 43104K [0x00000000ebb80000, 0x00000000fd100000, 0x0000000100000000)
  eden space 89088K, 0% used [0x00000000ebb80000,0x00000000ebb80000,0x00000000f1280000)
  from space 81408K, 52% used [0x00000000f1280000,0x00000000f3c98000,0x00000000f6200000)
  to   space 80384K, 0% used [0x00000000f8280000,0x00000000f8280000,0x00000000fd100000)
 ParOldGen       total 187904K, used 144039K [0x00000000c3200000, 0x00000000ce980000, 0x00000000ebb80000)
  object space 187904K, 76% used [0x00000000c3200000,0x00000000cbea9d40,0x00000000ce980000)
 Metaspace       used 6604K, capacity 6786K, committed 7040K, reserved 1056768K
  class space    used 799K, capacity 857K, committed 896K, reserved 1048576K
}
Event: 1,061 GC heap before
{Heap before GC invocations=15 (full 3):
 PSYoungGen      total 170496K, used 132192K [0x00000000ebb80000, 0x00000000fd100000, 0x0000000100000000)
  eden space 89088K, 100% used [0x00000000ebb80000,0x00000000f1280000,0x00000000f1280000)
  from space 81408K, 52% used [0x00000000f1280000,0x00000000f3c98000,0x00000000f6200000)
  to   space 80384K, 0% used [0x00000000f8280000,0x00000000f8280000,0x00000000fd100000)
 ParOldGen       total 187904K, used 144039K [0x00000000c3200000, 0x00000000ce980000, 0x00000000ebb80000)
  object space 187904K, 76% used [0x00000000c3200000,0x00000000cbea9d40,0x00000000ce980000)
 Metaspace       used 6604K, capacity 6786K, committed 7040K, reserved 1056768K
  class space    used 799K, capacity 857K, committed 896K, reserved 1048576K
Event: 1,248 GC heap after
Heap after GC invocations=15 (full 3):
 PSYoungGen      total 195072K, used 70848K [0x00000000ebb80000, 0x00000000fe800000, 0x0000000100000000)
  eden space 114688K, 0% used [0x00000000ebb80000,0x00000000ebb80000,0x00000000f2b80000)
  from space 80384K, 88% used [0x00000000f8280000,0x00000000fc7b0000,0x00000000fd100000)
  to   space 89088K, 0% used [0x00000000f2b80000,0x00000000f2b80000,0x00000000f8280000)
 ParOldGen       total 192000K, used 191687K [0x00000000c3200000, 0x00000000ced80000, 0x00000000ebb80000)
  object space 192000K, 99% used [0x00000000c3200000,0x00000000ced31d40,0x00000000ced80000)
 Metaspace       used 6604K, capacity 6786K, committed 7040K, reserved 1056768K
  class space    used 799K, capacity 857K, committed 896K, reserved 1048576K
}
Event: 1,304 GC heap before
{Heap before GC invocations=16 (full 4):
 PSYoungGen      total 195072K, used 70848K [0x00000000ebb80000, 0x00000000fe800000, 0x0000000100000000)
  eden space 114688K, 0% used [0x00000000ebb80000,0x00000000ebb80000,0x00000000f2b80000)
  from space 80384K, 88% used [0x00000000f8280000,0x00000000fc7b0000,0x00000000fd100000)
  to   space 89088K, 0% used [0x00000000f2b80000,0x00000000f2b80000,0x00000000f8280000)
 ParOldGen       total 192000K, used 191687K [0x00000000c3200000, 0x00000000ced80000, 0x00000000ebb80000)
  object space 192000K, 99% used [0x00000000c3200000,0x00000000ced31d40,0x00000000ced80000)
 Metaspace       used 6604K, capacity 6786K, committed 7040K, reserved 1056768K
  class space    used 799K, capacity 857K, committed 896K, reserved 1048576K

Deoptimization events (10 events):
Event: 0,373 Thread 0x00007f47bc00a800 Uncommon trap: reason=bimorphic action=maybe_recompile pc=0x00007f47acfb7298 method=scala.Array$.fill(ILscala/Function0;Lscala/reflect/ClassTag;)Ljava/lang/Object; @ 25
Event: 0,374 Thread 0x00007f47bc00a800 Uncommon trap: reason=bimorphic action=maybe_recompile pc=0x00007f47acfb7298 method=scala.Array$.fill(ILscala/Function0;Lscala/reflect/ClassTag;)Ljava/lang/Object; @ 25
Event: 0,374 Thread 0x00007f47bc00a800 Uncommon trap: reason=bimorphic action=maybe_recompile pc=0x00007f47acfb7298 method=scala.Array$.fill(ILscala/Function0;Lscala/reflect/ClassTag;)Ljava/lang/Object; @ 25
Event: 0,704 Thread 0x00007f47bc00a800 Uncommon trap: reason=unstable_if action=reinterpret pc=0x00007f47acf83118 method=pxparpx.part8_4$.select(IIILjava/lang/String;)I @ 27
Event: 0,705 Thread 0x00007f47bc00a800 Uncommon trap: reason=speculate_class_check action=maybe_recompile pc=0x00007f47acfcd794 method=scala.collection.immutable.Range.hasStub()Z @ 1
Event: 0,705 Thread 0x00007f47bc00a800 Uncommon trap: reason=unstable_if action=reinterpret pc=0x00007f47acf95814 method=pxparpx.part8_4$.select(IIILjava/lang/String;)I @ 27
Event: 1,024 Thread 0x00007f47bc00a800 Uncommon trap: reason=unstable_if action=reinterpret pc=0x00007f47acfde718 method=pxparpx.part8_4$.select(IIILjava/lang/String;)I @ 60
Event: 1,024 Thread 0x00007f47bc00a800 Uncommon trap: reason=unstable_if action=reinterpret pc=0x00007f47acfc6974 method=pxparpx.part8_4$.select(IIILjava/lang/String;)I @ 60
Event: 1,026 Thread 0x00007f47bc00a800 Uncommon trap: reason=speculate_class_check action=maybe_recompile pc=0x00007f47acfcd794 method=scala.collection.immutable.Range.hasStub()Z @ 1
Event: 1,027 Thread 0x00007f47bc00a800 Uncommon trap: reason=unstable_if action=reinterpret pc=0x00007f47acfe0668 method=pxparpx.part8_4$.select(IIILjava/lang/String;)I @ 60

Internal exceptions (10 events):
Event: 0,028 Thread 0x00007f47bc00a800 Exception <a 'java/lang/NoSuchMethodError': Method sun.misc.Unsafe.defineClass(Ljava/lang/String;[BII)Ljava/lang/Class; name or signature does not match> (0x00000000ebb87ca8) thrown at [/HUDSON/workspace/8-2-build-linux-amd64/jdk8u131/8869/hotspot/src/sha
Event: 0,028 Thread 0x00007f47bc00a800 Exception <a 'java/lang/NoSuchMethodError': Method sun.misc.Unsafe.prefetchRead(Ljava/lang/Object;J)V name or signature does not match> (0x00000000ebb87f90) thrown at [/HUDSON/workspace/8-2-build-linux-amd64/jdk8u131/8869/hotspot/src/share/vm/prims/jni.cp
Event: 0,089 Thread 0x00007f47bc00a800 Exception <a 'java/security/PrivilegedActionException'> (0x00000000ebc6e470) thrown at [/HUDSON/workspace/8-2-build-linux-amd64/jdk8u131/8869/hotspot/src/share/vm/prims/jvm.cpp, line 1390]
Event: 0,089 Thread 0x00007f47bc00a800 Exception <a 'java/security/PrivilegedActionException'> (0x00000000ebc6e868) thrown at [/HUDSON/workspace/8-2-build-linux-amd64/jdk8u131/8869/hotspot/src/share/vm/prims/jvm.cpp, line 1390]
Event: 0,089 Thread 0x00007f47bc00a800 Exception <a 'java/security/PrivilegedActionException'> (0x00000000ebc711c0) thrown at [/HUDSON/workspace/8-2-build-linux-amd64/jdk8u131/8869/hotspot/src/share/vm/prims/jvm.cpp, line 1390]
Event: 0,089 Thread 0x00007f47bc00a800 Exception <a 'java/security/PrivilegedActionException'> (0x00000000ebc715b8) thrown at [/HUDSON/workspace/8-2-build-linux-amd64/jdk8u131/8869/hotspot/src/share/vm/prims/jvm.cpp, line 1390]
Event: 0,123 Thread 0x00007f47bc00a800 Exception <a 'java/lang/NoSuchFieldError': method resolution failed> (0x00000000ebd3ddb8) thrown at [/HUDSON/workspace/8-2-build-linux-amd64/jdk8u131/8869/hotspot/src/share/vm/prims/methodHandles.cpp, line 1146]
Event: 0,124 Thread 0x00007f47bc00a800 Exception <a 'java/lang/NoSuchFieldError': method resolution failed> (0x00000000ebd4b588) thrown at [/HUDSON/workspace/8-2-build-linux-amd64/jdk8u131/8869/hotspot/src/share/vm/prims/methodHandles.cpp, line 1146]
Event: 0,141 Thread 0x00007f47bc00a800 Exception <a 'java/io/FileNotFoundException'> (0x00000000ebdc9c90) thrown at [/HUDSON/workspace/8-2-build-linux-amd64/jdk8u131/8869/hotspot/src/share/vm/prims/jni.cpp, line 709]
Event: 0,141 Thread 0x00007f47bc00a800 Exception <a 'java/io/FileNotFoundException'> (0x00000000ebdca6b8) thrown at [/HUDSON/workspace/8-2-build-linux-amd64/jdk8u131/8869/hotspot/src/share/vm/prims/jni.cpp, line 709]

Events (10 events):
Event: 1,024 Thread 0x00007f47bc00a800 Uncommon trap: trap_request=0xffffff65 fr.pc=0x00007f47acfc6974
Event: 1,024 Thread 0x00007f47bc00a800 DEOPT PACKING pc=0x00007f47acfc6974 sp=0x00007f47c392d530
Event: 1,024 Thread 0x00007f47bc00a800 DEOPT UNPACKING pc=0x00007f47acdea229 sp=0x00007f47c392d4e8 mode 2
Event: 1,026 Thread 0x00007f47bc00a800 Uncommon trap: trap_request=0xffffff76 fr.pc=0x00007f47acfcd794
Event: 1,026 Thread 0x00007f47bc00a800 DEOPT PACKING pc=0x00007f47acfcd794 sp=0x00007f47c392d5d0
Event: 1,026 Thread 0x00007f47bc00a800 DEOPT UNPACKING pc=0x00007f47acdea229 sp=0x00007f47c392d4d8 mode 2
Event: 1,027 Thread 0x00007f47bc00a800 Uncommon trap: trap_request=0xffffff65 fr.pc=0x00007f47acfe0668
Event: 1,027 Thread 0x00007f47bc00a800 DEOPT PACKING pc=0x00007f47acfe0668 sp=0x00007f47c392d520
Event: 1,027 Thread 0x00007f47bc00a800 DEOPT UNPACKING pc=0x00007f47acdea229 sp=0x00007f47c392d418 mode 2
Event: 1,061 Executing VM operation: ParallelGCFailedAllocation


Dynamic libraries:
00400000-00401000 r-xp 00000000 08:01 2625695                            /usr/local/logiciels/java-1.8/bin/java
00600000-00601000 rw-p 00000000 08:01 2625695                            /usr/local/logiciels/java-1.8/bin/java
01dd1000-01df2000 rw-p 00000000 00:00 0                                  [heap]
c3200000-ced80000 rw-p 00000000 00:00 0 
d4400000-ebb80000 ---p 00000000 00:00 0 
ebb80000-fe800000 rw-p 00000000 00:00 0 
fe800000-100000000 ---p 00000000 00:00 0 
100000000-1000e0000 rw-p 00000000 00:00 0 
1000e0000-140000000 ---p 00000000 00:00 0 
7f4768000000-7f4768021000 rw-p 00000000 00:00 0 
7f4768021000-7f476c000000 ---p 00000000 00:00 0 
7f4770000000-7f4770021000 rw-p 00000000 00:00 0 
7f4770021000-7f4774000000 ---p 00000000 00:00 0 
7f4774000000-7f4774021000 rw-p 00000000 00:00 0 
7f4774021000-7f4778000000 ---p 00000000 00:00 0 
7f4778000000-7f4778189000 rw-p 00000000 00:00 0 
7f4778189000-7f477c000000 ---p 00000000 00:00 0 
7f477e539000-7f477e53c000 ---p 00000000 00:00 0 
7f477e53c000-7f477e63a000 rw-p 00000000 00:00 0 
7f477e63a000-7f477e63f000 r-xp 00000000 08:01 12330274                   /usr/lib/x86_64-linux-gnu/libXdmcp.so.6.0.0
7f477e63f000-7f477e83e000 ---p 00005000 08:01 12330274                   /usr/lib/x86_64-linux-gnu/libXdmcp.so.6.0.0
7f477e83e000-7f477e83f000 r--p 00004000 08:01 12330274                   /usr/lib/x86_64-linux-gnu/libXdmcp.so.6.0.0
7f477e83f000-7f477e840000 rw-p 00005000 08:01 12330274                   /usr/lib/x86_64-linux-gnu/libXdmcp.so.6.0.0
7f477e840000-7f477e842000 r-xp 00000000 08:01 12330263                   /usr/lib/x86_64-linux-gnu/libXau.so.6.0.0
7f477e842000-7f477ea42000 ---p 00002000 08:01 12330263                   /usr/lib/x86_64-linux-gnu/libXau.so.6.0.0
7f477ea42000-7f477ea43000 r--p 00002000 08:01 12330263                   /usr/lib/x86_64-linux-gnu/libXau.so.6.0.0
7f477ea43000-7f477ea44000 rw-p 00003000 08:01 12330263                   /usr/lib/x86_64-linux-gnu/libXau.so.6.0.0
7f477ea44000-7f477ea65000 r-xp 00000000 08:01 12331709                   /usr/lib/x86_64-linux-gnu/libxcb.so.1.1.0
7f477ea65000-7f477ec64000 ---p 00021000 08:01 12331709                   /usr/lib/x86_64-linux-gnu/libxcb.so.1.1.0
7f477ec64000-7f477ec65000 r--p 00020000 08:01 12331709                   /usr/lib/x86_64-linux-gnu/libxcb.so.1.1.0
7f477ec65000-7f477ec66000 rw-p 00021000 08:01 12331709                   /usr/lib/x86_64-linux-gnu/libxcb.so.1.1.0
7f477ec66000-7f477ec75000 r-xp 00000000 08:01 12330284                   /usr/lib/x86_64-linux-gnu/libXi.so.6.1.0
7f477ec75000-7f477ee74000 ---p 0000f000 08:01 12330284                   /usr/lib/x86_64-linux-gnu/libXi.so.6.1.0
7f477ee74000-7f477ee75000 r--p 0000e000 08:01 12330284                   /usr/lib/x86_64-linux-gnu/libXi.so.6.1.0
7f477ee75000-7f477ee76000 rw-p 0000f000 08:01 12330284                   /usr/lib/x86_64-linux-gnu/libXi.so.6.1.0
7f477ee76000-7f477ee7b000 r-xp 00000000 08:01 12330302                   /usr/lib/x86_64-linux-gnu/libXtst.so.6.1.0
7f477ee7b000-7f477f07a000 ---p 00005000 08:01 12330302                   /usr/lib/x86_64-linux-gnu/libXtst.so.6.1.0
7f477f07a000-7f477f07b000 r--p 00004000 08:01 12330302                   /usr/lib/x86_64-linux-gnu/libXtst.so.6.1.0
7f477f07b000-7f477f07c000 rw-p 00005000 08:01 12330302                   /usr/lib/x86_64-linux-gnu/libXtst.so.6.1.0
7f477f07c000-7f477f085000 r-xp 00000000 08:01 12330296                   /usr/lib/x86_64-linux-gnu/libXrender.so.1.3.0
7f477f085000-7f477f284000 ---p 00009000 08:01 12330296                   /usr/lib/x86_64-linux-gnu/libXrender.so.1.3.0
7f477f284000-7f477f285000 r--p 00008000 08:01 12330296                   /usr/lib/x86_64-linux-gnu/libXrender.so.1.3.0
7f477f285000-7f477f286000 rw-p 00009000 08:01 12330296                   /usr/lib/x86_64-linux-gnu/libXrender.so.1.3.0
7f477f286000-7f477f3bb000 r-xp 00000000 08:01 12330259                   /usr/lib/x86_64-linux-gnu/libX11.so.6.3.0
7f477f3bb000-7f477f5bb000 ---p 00135000 08:01 12330259                   /usr/lib/x86_64-linux-gnu/libX11.so.6.3.0
7f477f5bb000-7f477f5bc000 r--p 00135000 08:01 12330259                   /usr/lib/x86_64-linux-gnu/libX11.so.6.3.0
7f477f5bc000-7f477f5c0000 rw-p 00136000 08:01 12330259                   /usr/lib/x86_64-linux-gnu/libX11.so.6.3.0
7f477f5c0000-7f477f5d1000 r-xp 00000000 08:01 12330276                   /usr/lib/x86_64-linux-gnu/libXext.so.6.4.0
7f477f5d1000-7f477f7d0000 ---p 00011000 08:01 12330276                   /usr/lib/x86_64-linux-gnu/libXext.so.6.4.0
7f477f7d0000-7f477f7d1000 r--p 00010000 08:01 12330276                   /usr/lib/x86_64-linux-gnu/libXext.so.6.4.0
7f477f7d1000-7f477f7d2000 rw-p 00011000 08:01 12330276                   /usr/lib/x86_64-linux-gnu/libXext.so.6.4.0
7f477f7d2000-7f477f826000 r-xp 00000000 08:01 2625771                    /usr/local/logiciels/java-1.8/jre/lib/amd64/libawt_xawt.so
7f477f826000-7f477fa26000 ---p 00054000 08:01 2625771                    /usr/local/logiciels/java-1.8/jre/lib/amd64/libawt_xawt.so
7f477fa26000-7f477fa2a000 rw-p 00054000 08:01 2625771                    /usr/local/logiciels/java-1.8/jre/lib/amd64/libawt_xawt.so
7f477fa2a000-7f477fa2b000 rw-p 00000000 00:00 0 
7f477fa2b000-7f477facd000 r-xp 00000000 08:01 2625766                    /usr/local/logiciels/java-1.8/jre/lib/amd64/libawt.so
7f477facd000-7f477fccd000 ---p 000a2000 08:01 2625766                    /usr/local/logiciels/java-1.8/jre/lib/amd64/libawt.so
7f477fccd000-7f477fcd9000 rw-p 000a2000 08:01 2625766                    /usr/local/logiciels/java-1.8/jre/lib/amd64/libawt.so
7f477fcd9000-7f477fcfd000 rw-p 00000000 00:00 0 
7f477fcfd000-7f477fcfe000 ---p 00000000 00:00 0 
7f477fcfe000-7f477fdfe000 rw-p 00000000 00:00 0 
7f477fdfe000-7f477fe01000 ---p 00000000 00:00 0 
7f477fe01000-7f477feff000 rw-p 00000000 00:00 0 
7f477feff000-7f477ff02000 ---p 00000000 00:00 0 
7f477ff02000-7f4780000000 rw-p 00000000 00:00 0 
7f4780000000-7f47802bf000 rw-p 00000000 00:00 0 
7f47802bf000-7f4784000000 ---p 00000000 00:00 0 
7f4784000000-7f478423c000 rw-p 00000000 00:00 0 
7f478423c000-7f4788000000 ---p 00000000 00:00 0 
7f4788000000-7f4788021000 rw-p 00000000 00:00 0 
7f4788021000-7f478c000000 ---p 00000000 00:00 0 
7f478c000000-7f478c021000 rw-p 00000000 00:00 0 
7f478c021000-7f4790000000 ---p 00000000 00:00 0 
7f4790000000-7f479028e000 rw-p 00000000 00:00 0 
7f479028e000-7f4794000000 ---p 00000000 00:00 0 
7f4794000000-7f4794021000 rw-p 00000000 00:00 0 
7f4794021000-7f4798000000 ---p 00000000 00:00 0 
7f4798000000-7f4798021000 rw-p 00000000 00:00 0 
7f4798021000-7f479c000000 ---p 00000000 00:00 0 
7f479c000000-7f479c021000 rw-p 00000000 00:00 0 
7f479c021000-7f47a0000000 ---p 00000000 00:00 0 
7f47a0000000-7f47a0021000 rw-p 00000000 00:00 0 
7f47a0021000-7f47a4000000 ---p 00000000 00:00 0 
7f47a4067000-7f47a406a000 ---p 00000000 00:00 0 
7f47a406a000-7f47a4168000 rw-p 00000000 00:00 0 
7f47a4168000-7f47a416b000 ---p 00000000 00:00 0 
7f47a416b000-7f47a4269000 rw-p 00000000 00:00 0 
7f47a4269000-7f47a426c000 ---p 00000000 00:00 0 
7f47a426c000-7f47a436a000 rw-p 00000000 00:00 0 
7f47a436a000-7f47a4643000 r--p 00000000 08:01 12340640                   /usr/lib/locale/locale-archive
7f47a4643000-7f47a4646000 ---p 00000000 00:00 0 
7f47a4646000-7f47a4744000 rw-p 00000000 00:00 0 
7f47a4744000-7f47a4747000 ---p 00000000 00:00 0 
7f47a4747000-7f47a4845000 rw-p 00000000 00:00 0 
7f47a4845000-7f47a4846000 ---p 00000000 00:00 0 
7f47a4846000-7f47a57b7000 rw-p 00000000 00:00 0 
7f47a57b7000-7f47a5990000 r--s 03d40000 08:01 2625733                    /usr/local/logiciels/java-1.8/jre/lib/rt.jar
7f47a5990000-7f47a5f90000 rw-p 00000000 00:00 0 
7f47a5f90000-7f47a6190000 ---p 00000000 00:00 0 
7f47a6190000-7f47a8000000 rw-p 00000000 00:00 0 
7f47a8000000-7f47a8021000 rw-p 00000000 00:00 0 
7f47a8021000-7f47ac000000 ---p 00000000 00:00 0 
7f47ac01f000-7f47ac190000 rw-p 00000000 00:00 0 
7f47ac190000-7f47ac1dc000 r--s 00411000 08:01 13640861                   /usr/local/logiciels/scala-ide/plugins/org.scala-ide.scala211.jars_4.6.1.201706090853/target/jars/scala-reflect.jar
7f47ac1dc000-7f47ac439000 rw-p 00000000 00:00 0 
7f47ac439000-7f47ac43a000 ---p 00000000 00:00 0 
7f47ac43a000-7f47ac53a000 rw-p 00000000 00:00 0 
7f47ac53a000-7f47ac53b000 ---p 00000000 00:00 0 
7f47ac53b000-7f47ac63b000 rw-p 00000000 00:00 0 
7f47ac63b000-7f47ac63c000 ---p 00000000 00:00 0 
7f47ac63c000-7f47ac73c000 rw-p 00000000 00:00 0 
7f47ac73c000-7f47ac73d000 ---p 00000000 00:00 0 
7f47ac73d000-7f47ac89b000 rw-p 00000000 00:00 0 
7f47ac89b000-7f47ac981000 ---p 00000000 00:00 0 
7f47ac981000-7f47aca18000 rw-p 00000000 00:00 0 
7f47aca18000-7f47aca24000 ---p 00000000 00:00 0 
7f47aca24000-7f47aca2f000 rw-p 00000000 00:00 0 
7f47aca2f000-7f47acde5000 ---p 00000000 00:00 0 
7f47acde5000-7f47ad055000 rwxp 00000000 00:00 0 
7f47ad055000-7f47bbde5000 ---p 00000000 00:00 0 
7f47bbde5000-7f47bbdff000 r-xp 00000000 08:01 2625786                    /usr/local/logiciels/java-1.8/jre/lib/amd64/libzip.so
7f47bbdff000-7f47bbfff000 ---p 0001a000 08:01 2625786                    /usr/local/logiciels/java-1.8/jre/lib/amd64/libzip.so
7f47bbfff000-7f47bc000000 rw-p 0001a000 08:01 2625786                    /usr/local/logiciels/java-1.8/jre/lib/amd64/libzip.so
7f47bc000000-7f47bc4a2000 rw-p 00000000 00:00 0 
7f47bc4a2000-7f47c0000000 ---p 00000000 00:00 0 
7f47c001a000-7f47c0073000 r--s 00522000 08:01 13640866                   /usr/local/logiciels/scala-ide/plugins/org.scala-ide.scala211.jars_4.6.1.201706090853/target/jars/scala-library.jar
7f47c0073000-7f47c00d1000 rw-p 00000000 00:00 0 
7f47c00d1000-7f47c01b8000 ---p 00000000 00:00 0 
7f47c01b8000-7f47c09bd000 r--s 00000000 08:01 11932415                   /var/lib/sss/mc/passwd
7f47c09bd000-7f47c09c5000 r-xp 00000000 08:01 8127585                    /lib/x86_64-linux-gnu/libnss_sss.so.2
7f47c09c5000-7f47c0bc4000 ---p 00008000 08:01 8127585                    /lib/x86_64-linux-gnu/libnss_sss.so.2
7f47c0bc4000-7f47c0bc5000 r--p 00007000 08:01 8127585                    /lib/x86_64-linux-gnu/libnss_sss.so.2
7f47c0bc5000-7f47c0bc6000 rw-p 00008000 08:01 8127585                    /lib/x86_64-linux-gnu/libnss_sss.so.2
7f47c0bc6000-7f47c0bd1000 r-xp 00000000 08:01 8131018                    /lib/x86_64-linux-gnu/libnss_files-2.23.so
7f47c0bd1000-7f47c0dd0000 ---p 0000b000 08:01 8131018                    /lib/x86_64-linux-gnu/libnss_files-2.23.so
7f47c0dd0000-7f47c0dd1000 r--p 0000a000 08:01 8131018                    /lib/x86_64-linux-gnu/libnss_files-2.23.so
7f47c0dd1000-7f47c0dd2000 rw-p 0000b000 08:01 8131018                    /lib/x86_64-linux-gnu/libnss_files-2.23.so
7f47c0dd2000-7f47c0dd8000 rw-p 00000000 00:00 0 
7f47c0dd8000-7f47c0de3000 r-xp 00000000 08:01 8131045                    /lib/x86_64-linux-gnu/libnss_nis-2.23.so
7f47c0de3000-7f47c0fe2000 ---p 0000b000 08:01 8131045                    /lib/x86_64-linux-gnu/libnss_nis-2.23.so
7f47c0fe2000-7f47c0fe3000 r--p 0000a000 08:01 8131045                    /lib/x86_64-linux-gnu/libnss_nis-2.23.so
7f47c0fe3000-7f47c0fe4000 rw-p 0000b000 08:01 8131045                    /lib/x86_64-linux-gnu/libnss_nis-2.23.so
7f47c0fe4000-7f47c0ffa000 r-xp 00000000 08:01 8131012                    /lib/x86_64-linux-gnu/libnsl-2.23.so
7f47c0ffa000-7f47c11f9000 ---p 00016000 08:01 8131012                    /lib/x86_64-linux-gnu/libnsl-2.23.so
7f47c11f9000-7f47c11fa000 r--p 00015000 08:01 8131012                    /lib/x86_64-linux-gnu/libnsl-2.23.so
7f47c11fa000-7f47c11fb000 rw-p 00016000 08:01 8131012                    /lib/x86_64-linux-gnu/libnsl-2.23.so
7f47c11fb000-7f47c11fd000 rw-p 00000000 00:00 0 
7f47c11fd000-7f47c1205000 r-xp 00000000 08:01 8131116                    /lib/x86_64-linux-gnu/libnss_compat-2.23.so
7f47c1205000-7f47c1404000 ---p 00008000 08:01 8131116                    /lib/x86_64-linux-gnu/libnss_compat-2.23.so
7f47c1404000-7f47c1405000 r--p 00007000 08:01 8131116                    /lib/x86_64-linux-gnu/libnss_compat-2.23.so
7f47c1405000-7f47c1406000 rw-p 00008000 08:01 8131116                    /lib/x86_64-linux-gnu/libnss_compat-2.23.so
7f47c1406000-7f47c1431000 r-xp 00000000 08:01 2625758                    /usr/local/logiciels/java-1.8/jre/lib/amd64/libjava.so
7f47c1431000-7f47c1630000 ---p 0002b000 08:01 2625758                    /usr/local/logiciels/java-1.8/jre/lib/amd64/libjava.so
7f47c1630000-7f47c1632000 rw-p 0002a000 08:01 2625758                    /usr/local/logiciels/java-1.8/jre/lib/amd64/libjava.so
7f47c1632000-7f47c163f000 r-xp 00000000 08:01 2625816                    /usr/local/logiciels/java-1.8/jre/lib/amd64/libverify.so
7f47c163f000-7f47c183e000 ---p 0000d000 08:01 2625816                    /usr/local/logiciels/java-1.8/jre/lib/amd64/libverify.so
7f47c183e000-7f47c1840000 rw-p 0000c000 08:01 2625816                    /usr/local/logiciels/java-1.8/jre/lib/amd64/libverify.so
7f47c1840000-7f47c1847000 r-xp 00000000 08:01 8131050                    /lib/x86_64-linux-gnu/librt-2.23.so
7f47c1847000-7f47c1a46000 ---p 00007000 08:01 8131050                    /lib/x86_64-linux-gnu/librt-2.23.so
7f47c1a46000-7f47c1a47000 r--p 00006000 08:01 8131050                    /lib/x86_64-linux-gnu/librt-2.23.so
7f47c1a47000-7f47c1a48000 rw-p 00007000 08:01 8131050                    /lib/x86_64-linux-gnu/librt-2.23.so
7f47c1a48000-7f47c1b50000 r-xp 00000000 08:01 8131139                    /lib/x86_64-linux-gnu/libm-2.23.so
7f47c1b50000-7f47c1d4f000 ---p 00108000 08:01 8131139                    /lib/x86_64-linux-gnu/libm-2.23.so
7f47c1d4f000-7f47c1d50000 r--p 00107000 08:01 8131139                    /lib/x86_64-linux-gnu/libm-2.23.so
7f47c1d50000-7f47c1d51000 rw-p 00108000 08:01 8131139                    /lib/x86_64-linux-gnu/libm-2.23.so
7f47c1d51000-7f47c2a20000 r-xp 00000000 08:01 2625803                    /usr/local/logiciels/java-1.8/jre/lib/amd64/server/libjvm.so
7f47c2a20000-7f47c2c20000 ---p 00ccf000 08:01 2625803                    /usr/local/logiciels/java-1.8/jre/lib/amd64/server/libjvm.so
7f47c2c20000-7f47c2cf9000 rw-p 00ccf000 08:01 2625803                    /usr/local/logiciels/java-1.8/jre/lib/amd64/server/libjvm.so
7f47c2cf9000-7f47c2d44000 rw-p 00000000 00:00 0 
7f47c2d44000-7f47c2f04000 r-xp 00000000 08:01 8131151                    /lib/x86_64-linux-gnu/libc-2.23.so
7f47c2f04000-7f47c3104000 ---p 001c0000 08:01 8131151                    /lib/x86_64-linux-gnu/libc-2.23.so
7f47c3104000-7f47c3108000 r--p 001c0000 08:01 8131151                    /lib/x86_64-linux-gnu/libc-2.23.so
7f47c3108000-7f47c310a000 rw-p 001c4000 08:01 8131151                    /lib/x86_64-linux-gnu/libc-2.23.so
7f47c310a000-7f47c310e000 rw-p 00000000 00:00 0 
7f47c310e000-7f47c3111000 r-xp 00000000 08:01 8131111                    /lib/x86_64-linux-gnu/libdl-2.23.so
7f47c3111000-7f47c3310000 ---p 00003000 08:01 8131111                    /lib/x86_64-linux-gnu/libdl-2.23.so
7f47c3310000-7f47c3311000 r--p 00002000 08:01 8131111                    /lib/x86_64-linux-gnu/libdl-2.23.so
7f47c3311000-7f47c3312000 rw-p 00003000 08:01 8131111                    /lib/x86_64-linux-gnu/libdl-2.23.so
7f47c3312000-7f47c3327000 r-xp 00000000 08:01 14553281                   /usr/local/logiciels/java-1.8/lib/amd64/jli/libjli.so
7f47c3327000-7f47c3527000 ---p 00015000 08:01 14553281                   /usr/local/logiciels/java-1.8/lib/amd64/jli/libjli.so
7f47c3527000-7f47c3528000 rw-p 00015000 08:01 14553281                   /usr/local/logiciels/java-1.8/lib/amd64/jli/libjli.so
7f47c3528000-7f47c3540000 r-xp 00000000 08:01 8131040                    /lib/x86_64-linux-gnu/libpthread-2.23.so
7f47c3540000-7f47c373f000 ---p 00018000 08:01 8131040                    /lib/x86_64-linux-gnu/libpthread-2.23.so
7f47c373f000-7f47c3740000 r--p 00017000 08:01 8131040                    /lib/x86_64-linux-gnu/libpthread-2.23.so
7f47c3740000-7f47c3741000 rw-p 00018000 08:01 8131040                    /lib/x86_64-linux-gnu/libpthread-2.23.so
7f47c3741000-7f47c3745000 rw-p 00000000 00:00 0 
7f47c3745000-7f47c376b000 r-xp 00000000 08:01 8131013                    /lib/x86_64-linux-gnu/ld-2.23.so
7f47c378a000-7f47c382e000 rw-p 00000000 00:00 0 
7f47c382e000-7f47c3831000 ---p 00000000 00:00 0 
7f47c3831000-7f47c3933000 rw-p 00000000 00:00 0 
7f47c3949000-7f47c394a000 r--s 00002000 00:2b 215617738                  /home/etudiants/barloy2u/Téléchargements/imagewrapper_2.11-1.0.0.jar
7f47c394a000-7f47c395e000 rw-p 00000000 00:00 0 
7f47c395e000-7f47c3966000 rw-s 00000000 08:01 4849719                    /tmp/hsperfdata_barloy2u/32689
7f47c3966000-7f47c3967000 rw-p 00000000 00:00 0 
7f47c3967000-7f47c3968000 ---p 00000000 00:00 0 
7f47c3968000-7f47c396a000 rw-p 00000000 00:00 0 
7f47c396a000-7f47c396b000 r--p 00025000 08:01 8131013                    /lib/x86_64-linux-gnu/ld-2.23.so
7f47c396b000-7f47c396c000 rw-p 00026000 08:01 8131013                    /lib/x86_64-linux-gnu/ld-2.23.so
7f47c396c000-7f47c396d000 rw-p 00000000 00:00 0 
7fff36743000-7fff36764000 rw-p 00000000 00:00 0                          [stack]
7fff36792000-7fff36794000 r--p 00000000 00:00 0                          [vvar]
7fff36794000-7fff36796000 r-xp 00000000 00:00 0                          [vdso]
ffffffffff600000-ffffffffff601000 r-xp 00000000 00:00 0                  [vsyscall]

VM Arguments:
jvm_args: -Dfile.encoding=UTF-8 -Xbootclasspath/p:/usr/local/logiciels/scala-ide/plugins/org.scala-ide.scala211.jars_4.6.1.201706090853/target/jars/scala-library.jar:/usr/local/logiciels/scala-ide/plugins/org.scala-ide.scala211.jars_4.6.1.201706090853/target/jars/scala-reflect.jar 
java_command: Main
java_class_path (initial): /home/etudiants/barloy2u/workspace/projet-TOP/ptop_BARLOY_ELMRINI_OBERTI/TOP-gr15/bin:/home/etudiants/barloy2u/Téléchargements/imagewrapper_2.11-1.0.0.jar
Launcher Type: SUN_STANDARD

Environment Variables:
JAVA_HOME=/usr/local/logiciels/java
PATH=/usr/local/logiciels/tlaps/bin:/usr/local/logiciels/tlaps/lib/tlaps/bin:/opt/omnetpp-5.1.1/bin:/usr/local/logiciels/java/bin:/usr/local/sbin:/usr/local/bin:/usr/sbin:/usr/bin:/sbin:/bin:/usr/games:/usr/local/games:/opt/puppetlabs/bin
USERNAME=barloy2u
SHELL=/bin/bash
DISPLAY=:0

Signal Handlers:
SIGSEGV: [libjvm.so+0xac8af0], sa_mask[0]=11111111011111111101111111111110, sa_flags=SA_RESTART|SA_SIGINFO
SIGBUS: [libjvm.so+0xac8af0], sa_mask[0]=11111111011111111101111111111110, sa_flags=SA_RESTART|SA_SIGINFO
SIGFPE: [libjvm.so+0x921dd0], sa_mask[0]=11111111011111111101111111111110, sa_flags=SA_RESTART|SA_SIGINFO
SIGPIPE: [libjvm.so+0x921dd0], sa_mask[0]=11111111011111111101111111111110, sa_flags=SA_RESTART|SA_SIGINFO
SIGXFSZ: [libjvm.so+0x921dd0], sa_mask[0]=11111111011111111101111111111110, sa_flags=SA_RESTART|SA_SIGINFO
SIGILL: [libjvm.so+0x921dd0], sa_mask[0]=11111111011111111101111111111110, sa_flags=SA_RESTART|SA_SIGINFO
SIGUSR1: SIG_DFL, sa_mask[0]=00000000000000000000000000000000, sa_flags=none
SIGUSR2: [libjvm.so+0x923610], sa_mask[0]=00100000000000000000000000000000, sa_flags=SA_RESTART|SA_SIGINFO
SIGHUP: [libjvm.so+0x924a10], sa_mask[0]=11111111011111111101111111111110, sa_flags=SA_RESTART|SA_SIGINFO
SIGINT: [libjvm.so+0x924a10], sa_mask[0]=11111111011111111101111111111110, sa_flags=SA_RESTART|SA_SIGINFO
SIGTERM: [libjvm.so+0x924a10], sa_mask[0]=11111111011111111101111111111110, sa_flags=SA_RESTART|SA_SIGINFO
SIGQUIT: [libjvm.so+0x924a10], sa_mask[0]=11111111011111111101111111111110, sa_flags=SA_RESTART|SA_SIGINFO


---------------  S Y S T E M  ---------------

OS:DISTRIB_ID=LinuxMint
DISTRIB_RELEASE=18.1
DISTRIB_CODENAME=serena
DISTRIB_DESCRIPTION="Linux Mint 18.1 Serena"

uname:Linux 4.4.0-83-generic #106-Ubuntu SMP Mon Jun 26 17:54:43 UTC 2017 x86_64
libc:glibc 2.23 NPTL 2.23 
rlimit: STACK 8192k, CORE 0k, NPROC 15407, NOFILE 1048576, AS infinity
load average:1,24 0,91 0,67

/proc/meminfo:
MemTotal:        3987520 kB
MemFree:          105868 kB
MemAvailable:      30128 kB
Buffers:             632 kB
Cached:           131116 kB
SwapCached:            0 kB
Active:          3633680 kB
Inactive:         103696 kB
Active(anon):    3608784 kB
Inactive(anon):    73720 kB
Active(file):      24896 kB
Inactive(file):    29976 kB
Unevictable:           4 kB
Mlocked:               4 kB
SwapTotal:             0 kB
SwapFree:              0 kB
Dirty:               104 kB
Writeback:             0 kB
AnonPages:       3606112 kB
Mapped:           105084 kB
Shmem:             76424 kB
Slab:              62472 kB
SReclaimable:      30364 kB
SUnreclaim:        32108 kB
KernelStack:        9984 kB
PageTables:        32840 kB
NFS_Unstable:          0 kB
Bounce:                0 kB
WritebackTmp:          0 kB
CommitLimit:     1993760 kB
Committed_AS:    5866360 kB
VmallocTotal:   34359738367 kB
VmallocUsed:           0 kB
VmallocChunk:          0 kB
HardwareCorrupted:     0 kB
AnonHugePages:   2404352 kB
CmaTotal:              0 kB
CmaFree:               0 kB
HugePages_Total:       0
HugePages_Free:        0
HugePages_Rsvd:        0
HugePages_Surp:        0
Hugepagesize:       2048 kB
DirectMap4k:      168596 kB
DirectMap2M:     3966976 kB


CPU:total 4 (initial active 4) (4 cores per cpu, 1 threads per core) family 6 model 58 stepping 9, cmov, cx8, fxsr, mmx, sse, sse2, sse3, ssse3, sse4.1, sse4.2, popcnt, avx, aes, clmul, erms, tsc, tscinvbit, tscinv

/proc/cpuinfo:
processor	: 0
vendor_id	: GenuineIntel
cpu family	: 6
model		: 58
model name	: Intel(R) Core(TM) i5-3470 CPU @ 3.20GHz
stepping	: 9
microcode	: 0x1c
cpu MHz		: 1606.000
cache size	: 6144 KB
physical id	: 0
siblings	: 4
core id		: 0
cpu cores	: 4
apicid		: 0
initial apicid	: 0
fpu		: yes
fpu_exception	: yes
cpuid level	: 13
wp		: yes
flags		: fpu vme de pse tsc msr pae mce cx8 apic sep mtrr pge mca cmov pat pse36 clflush dts acpi mmx fxsr sse sse2 ss ht tm pbe syscall nx rdtscp lm constant_tsc arch_perfmon pebs bts rep_good nopl xtopology nonstop_tsc aperfmperf eagerfpu pni pclmulqdq dtes64 monitor ds_cpl vmx smx est tm2 ssse3 cx16 xtpr pdcm pcid sse4_1 sse4_2 x2apic popcnt tsc_deadline_timer aes xsave avx f16c rdrand lahf_lm epb tpr_shadow vnmi flexpriority ept vpid fsgsbase smep erms xsaveopt dtherm ida arat pln pts
bugs		:
bogomips	: 6385.50
clflush size	: 64
cache_alignment	: 64
address sizes	: 36 bits physical, 48 bits virtual
power management:

processor	: 1
vendor_id	: GenuineIntel
cpu family	: 6
model		: 58
model name	: Intel(R) Core(TM) i5-3470 CPU @ 3.20GHz
stepping	: 9
microcode	: 0x1c
cpu MHz		: 1600.125
cache size	: 6144 KB
physical id	: 0
siblings	: 4
core id		: 1
cpu cores	: 4
apicid		: 2
initial apicid	: 2
fpu		: yes
fpu_exception	: yes
cpuid level	: 13
wp		: yes
flags		: fpu vme de pse tsc msr pae mce cx8 apic sep mtrr pge mca cmov pat pse36 clflush dts acpi mmx fxsr sse sse2 ss ht tm pbe syscall nx rdtscp lm constant_tsc arch_perfmon pebs bts rep_good nopl xtopology nonstop_tsc aperfmperf eagerfpu pni pclmulqdq dtes64 monitor ds_cpl vmx smx est tm2 ssse3 cx16 xtpr pdcm pcid sse4_1 sse4_2 x2apic popcnt tsc_deadline_timer aes xsave avx f16c rdrand lahf_lm epb tpr_shadow vnmi flexpriority ept vpid fsgsbase smep erms xsaveopt dtherm ida arat pln pts
bugs		:
bogomips	: 6385.50
clflush size	: 64
cache_alignment	: 64
address sizes	: 36 bits physical, 48 bits virtual
power management:

processor	: 2
vendor_id	: GenuineIntel
cpu family	: 6
model		: 58
model name	: Intel(R) Core(TM) i5-3470 CPU @ 3.20GHz
stepping	: 9
microcode	: 0x1c
cpu MHz		: 1599.875
cache size	: 6144 KB
physical id	: 0
siblings	: 4
core id		: 2
cpu cores	: 4
apicid		: 4
initial apicid	: 4
fpu		: yes
fpu_exception	: yes
cpuid level	: 13
wp		: yes
flags		: fpu vme de pse tsc msr pae mce cx8 apic sep mtrr pge mca cmov pat pse36 clflush dts acpi mmx fxsr sse sse2 ss ht tm pbe syscall nx rdtscp lm constant_tsc arch_perfmon pebs bts rep_good nopl xtopology nonstop_tsc aperfmperf eagerfpu pni pclmulqdq dtes64 monitor ds_cpl vmx smx est tm2 ssse3 cx16 xtpr pdcm pcid sse4_1 sse4_2 x2apic popcnt tsc_deadline_timer aes xsave avx f16c rdrand lahf_lm epb tpr_shadow vnmi flexpriority ept vpid fsgsbase smep erms xsaveopt dtherm ida arat pln pts
bugs		:
bogomips	: 6385.50
clflush size	: 64
cache_alignment	: 64
address sizes	: 36 bits physical, 48 bits virtual
power management:

processor	: 3
vendor_id	: GenuineIntel
cpu family	: 6
model		: 58
model name	: Intel(R) Core(TM) i5-3470 CPU @ 3.20GHz
stepping	: 9
microcode	: 0x1c
cpu MHz		: 1612.125
cache size	: 6144 KB
physical id	: 0
siblings	: 4
core id		: 3
cpu cores	: 4
apicid		: 6
initial apicid	: 6
fpu		: yes
fpu_exception	: yes
cpuid level	: 13
wp		: yes
flags		: fpu vme de pse tsc msr pae mce cx8 apic sep mtrr pge mca cmov pat pse36 clflush dts acpi mmx fxsr sse sse2 ss ht tm pbe syscall nx rdtscp lm constant_tsc arch_perfmon pebs bts rep_good nopl xtopology nonstop_tsc aperfmperf eagerfpu pni pclmulqdq dtes64 monitor ds_cpl vmx smx est tm2 ssse3 cx16 xtpr pdcm pcid sse4_1 sse4_2 x2apic popcnt tsc_deadline_timer aes xsave avx f16c rdrand lahf_lm epb tpr_shadow vnmi flexpriority ept vpid fsgsbase smep erms xsaveopt dtherm ida arat pln pts
bugs		:
bogomips	: 6385.50
clflush size	: 64
cache_alignment	: 64
address sizes	: 36 bits physical, 48 bits virtual
power management:



Memory: 4k page, physical 3987520k(105868k free), swap 0k(0k free)

vm_info: Java HotSpot(TM) 64-Bit Server VM (25.131-b11) for linux-amd64 JRE (1.8.0_131-b11), built on Mar 15 2017 01:23:40 by "java_re" with gcc 4.3.0 20080428 (Red Hat 4.3.0-8)

time: Mon Jan  8 22:23:48 2018
elapsed time: 2 seconds (0d 0h 0m 2s)

